<?xml version="1.0" encoding="UTF-8"?>
<testsuite name="PPAxeTester" tests="1" skipped="0" failures="0" errors="0" timestamp="2023-03-20T19:44:14" hostname="N118-DELL-LAT35" time="18.869">
  <properties/>
  <testcase name="axeTesting()" classname="PPAxeTester" time="18.869"/>
  <system-out><![CDATA[============VIOLATIONS============
Violation:
Description: Ensures buttons have discernible text
Help: Buttons must have discernible text
Impact: critical
Nodes: [CheckedNode{target='[#mainMenu]', html='<button id="mainMenu" class="main__menu btn--none bg--transparent    p--half">', impact='critical', failureSummary='Fix any of the following:
  Element does not have inner text that is visible to screen readers
  aria-label attribute does not exist or is empty
  aria-labelledby attribute does not exist, references elements that do not exist or references elements that are empty
  Element has no title attribute
  Element's default semantics were not overridden with role="none" or role="presentation"', any='[CheckedNode{id='button-has-visible-text', impact='critical', message='Element does not have inner text that is visible to screen readers', data='null', relatedNodes='[]'}, CheckedNode{id='aria-label', impact='serious', message='aria-label attribute does not exist or is empty', data='null', relatedNodes='[]'}, CheckedNode{id='aria-labelledby', impact='serious', message='aria-labelledby attribute does not exist, references elements that do not exist or references elements that are empty', data='null', relatedNodes='[]'}, CheckedNode{id='non-empty-title', impact='serious', message='Element has no title attribute', data='{messageKey=noAttr}', relatedNodes='[]'}, CheckedNode{id='presentational-role', impact='minor', message='Element's default semantics were not overridden with role="none" or role="presentation"', data='null', relatedNodes='[]'}]', all='[]', none='[]'}]
Help URL: https://dequeuniversity.com/rules/axe/4.5/button-name?application=axeAPI
Violation:
Description: Ensures the contrast between foreground and background colors meets WCAG 2 AA contrast ratio thresholds
Help: Elements must have sufficient color contrast
Impact: serious
Nodes: [CheckedNode{target='[a[href="/30-day-pet-insurance-coverage"]]', html='<a href="/30-day-pet-insurance-coverage" class="cyan">ACTIVATE COVERAGE</a>', impact='serious', failureSummary='Fix any of the following:
  Element has insufficient color contrast of 2.38 (foreground color: #1db9c7, background color: #ffffff, font size: 10.5pt (14px), font weight: normal). Expected contrast ratio of 4.5:1', any='[CheckedNode{id='color-contrast', impact='serious', message='Element has insufficient color contrast of 2.38 (foreground color: #1db9c7, background color: #ffffff, font size: 10.5pt (14px), font weight: normal). Expected contrast ratio of 4.5:1', data='{bgColor=#ffffff, contrastRatio=2.38, expectedContrastRatio=4.5:1, fgColor=#1db9c7, fontSize=10.5pt (14px), fontWeight=normal, messageKey=null}', relatedNodes='[Node{target='[.start-xs]', html='<div class="d--flex bg--white start-xs end-sm end-lg">'}]'}]', all='[]', none='[]'}, CheckedNode{target='[.p-margin]', html='<a class="p-margin cyan" href="tel:+1-866-774-1113">1 (866) 774 - 1113</a>', impact='serious', failureSummary='Fix any of the following:
  Element has insufficient color contrast of 2.38 (foreground color: #1db9c7, background color: #ffffff, font size: 10.5pt (14px), font weight: normal). Expected contrast ratio of 4.5:1', any='[CheckedNode{id='color-contrast', impact='serious', message='Element has insufficient color contrast of 2.38 (foreground color: #1db9c7, background color: #ffffff, font size: 10.5pt (14px), font weight: normal). Expected contrast ratio of 4.5:1', data='{bgColor=#ffffff, contrastRatio=2.38, expectedContrastRatio=4.5:1, fgColor=#1db9c7, fontSize=10.5pt (14px), fontWeight=normal, messageKey=null}', relatedNodes='[Node{target='[.start-xs]', html='<div class="d--flex bg--white start-xs end-sm end-lg">'}]'}]', all='[]', none='[]'}, CheckedNode{target='[h1]', html='<h1 class="c--white">Pet Insurance by Pet Experts</h1>', impact='serious', failureSummary='Fix any of the following:
  Element has insufficient color contrast of 2.38 (foreground color: #ffffff, background color: #1db9c7, font size: 25.5pt (34px), font weight: normal). Expected contrast ratio of 3:1', any='[CheckedNode{id='color-contrast', impact='serious', message='Element has insufficient color contrast of 2.38 (foreground color: #ffffff, background color: #1db9c7, font size: 25.5pt (34px), font weight: normal). Expected contrast ratio of 3:1', data='{bgColor=#1db9c7, contrastRatio=2.38, expectedContrastRatio=3:1, fgColor=#ffffff, fontSize=25.5pt (34px), fontWeight=normal, messageKey=null}', relatedNodes='[Node{target='[.hero-text-box]', html='<div class="hero-text-box bg-cyan c--white">'}]'}]', all='[]', none='[]'}, CheckedNode{target='[.hero-text-box > p:nth-child(3)]', html='<p>Our team is made up of passionate pet parents with animal-focused backgrounds—which means we love pets, we know pets, and we care about getting your four-legged friends the best pet health insurance coverage possible.</p>', impact='serious', failureSummary='Fix any of the following:
  Element has insufficient color contrast of 2.38 (foreground color: #ffffff, background color: #1db9c7, font size: 12.0pt (16px), font weight: normal). Expected contrast ratio of 4.5:1', any='[CheckedNode{id='color-contrast', impact='serious', message='Element has insufficient color contrast of 2.38 (foreground color: #ffffff, background color: #1db9c7, font size: 12.0pt (16px), font weight: normal). Expected contrast ratio of 4.5:1', data='{bgColor=#1db9c7, contrastRatio=2.38, expectedContrastRatio=4.5:1, fgColor=#ffffff, fontSize=12.0pt (16px), fontWeight=normal, messageKey=null}', relatedNodes='[Node{target='[.hero-text-box]', html='<div class="hero-text-box bg-cyan c--white">'}]'}]', all='[]', none='[]'}, CheckedNode{target='[.pb--2 > .yellow.h1plus > p]', html='<p>we understand</p>', impact='serious', failureSummary='Fix any of the following:
  Element has insufficient color contrast of 1.65 (foreground color: #febf10, background color: #ffffff, font size: 31.5pt (42px), font weight: normal). Expected contrast ratio of 3:1', any='[CheckedNode{id='color-contrast', impact='serious', message='Element has insufficient color contrast of 1.65 (foreground color: #febf10, background color: #ffffff, font size: 31.5pt (42px), font weight: normal). Expected contrast ratio of 3:1', data='{bgColor=#ffffff, contrastRatio=1.65, expectedContrastRatio=3:1, fgColor=#febf10, fontSize=31.5pt (42px), fontWeight=normal, messageKey=null}', relatedNodes='[]'}]', all='[]', none='[]'}, CheckedNode{target='[.mt--2]', html='<a href="/why-pet-insurance" class="link btn mt--2">UNDERSTAND INSURANCE</a>', impact='serious', failureSummary='Fix any of the following:
  Element has insufficient color contrast of 3.92 (foreground color: #0060a7, background color: #febf10, font size: 13.2pt (17.6px), font weight: bold). Expected contrast ratio of 4.5:1', any='[CheckedNode{id='color-contrast', impact='serious', message='Element has insufficient color contrast of 3.92 (foreground color: #0060a7, background color: #febf10, font size: 13.2pt (17.6px), font weight: bold). Expected contrast ratio of 4.5:1', data='{bgColor=#febf10, contrastRatio=3.92, expectedContrastRatio=4.5:1, fgColor=#0060a7, fontSize=13.2pt (17.6px), fontWeight=bold, messageKey=null}', relatedNodes='[Node{target='[.mt--2]', html='<a href="/why-pet-insurance" class="link btn mt--2">UNDERSTAND INSURANCE</a>'}]'}]', all='[]', none='[]'}, CheckedNode{target='[.plans-title]', html='<h2 class="c--white plans-title">Customizable Plans</h2>', impact='serious', failureSummary='Fix any of the following:
  Element has insufficient color contrast of 2.38 (foreground color: #ffffff, background color: #1db9c7, font size: 21.0pt (28px), font weight: normal). Expected contrast ratio of 3:1', any='[CheckedNode{id='color-contrast', impact='serious', message='Element has insufficient color contrast of 2.38 (foreground color: #ffffff, background color: #1db9c7, font size: 21.0pt (28px), font weight: normal). Expected contrast ratio of 3:1', data='{bgColor=#1db9c7, contrastRatio=2.38, expectedContrastRatio=3:1, fgColor=#ffffff, fontSize=21.0pt (28px), fontWeight=normal, messageKey=null}', relatedNodes='[Node{target='[.plans.p--0.bg-blue]', html='<section class="plans p--0 bg-blue bg-cyan d-none banner-lg-container">'}]'}]', all='[]', none='[]'}, CheckedNode{target='[.plans-text > p:nth-child(2)]', html='<p>At PetPartners, we offer you the chance to build your own policy as you see fit. Choose from our most popular plans or customize your own to get the best value out of your insurance. 
                
                </p>', impact='serious', failureSummary='Fix any of the following:
  Element has insufficient color contrast of 2.38 (foreground color: #ffffff, background color: #1db9c7, font size: 12.0pt (16px), font weight: normal). Expected contrast ratio of 4.5:1', any='[CheckedNode{id='color-contrast', impact='serious', message='Element has insufficient color contrast of 2.38 (foreground color: #ffffff, background color: #1db9c7, font size: 12.0pt (16px), font weight: normal). Expected contrast ratio of 4.5:1', data='{bgColor=#1db9c7, contrastRatio=2.38, expectedContrastRatio=4.5:1, fgColor=#ffffff, fontSize=12.0pt (16px), fontWeight=normal, messageKey=null}', relatedNodes='[Node{target='[.plans.p--0.bg-blue]', html='<section class="plans p--0 bg-blue bg-cyan d-none banner-lg-container">'}]'}]', all='[]', none='[]'}, CheckedNode{target='[.plans-text > p:nth-child(3) > strong]', html='<strong>Get exactly what you need by customizing:</strong>', impact='serious', failureSummary='Fix any of the following:
  Element has insufficient color contrast of 2.38 (foreground color: #ffffff, background color: #1db9c7, font size: 12.0pt (16px), font weight: normal). Expected contrast ratio of 4.5:1', any='[CheckedNode{id='color-contrast', impact='serious', message='Element has insufficient color contrast of 2.38 (foreground color: #ffffff, background color: #1db9c7, font size: 12.0pt (16px), font weight: normal). Expected contrast ratio of 4.5:1', data='{bgColor=#1db9c7, contrastRatio=2.38, expectedContrastRatio=4.5:1, fgColor=#ffffff, fontSize=12.0pt (16px), fontWeight=normal, messageKey=null}', relatedNodes='[Node{target='[.plans.p--0.bg-blue]', html='<section class="plans p--0 bg-blue bg-cyan d-none banner-lg-container">'}]'}]', all='[]', none='[]'}, CheckedNode{target='[.plans-text > ul > li:nth-child(1) > strong]', html='<strong>Deductibles</strong>', impact='serious', failureSummary='Fix any of the following:
  Element has insufficient color contrast of 2.38 (foreground color: #ffffff, background color: #1db9c7, font size: 12.0pt (16px), font weight: normal). Expected contrast ratio of 4.5:1', any='[CheckedNode{id='color-contrast', impact='serious', message='Element has insufficient color contrast of 2.38 (foreground color: #ffffff, background color: #1db9c7, font size: 12.0pt (16px), font weight: normal). Expected contrast ratio of 4.5:1', data='{bgColor=#1db9c7, contrastRatio=2.38, expectedContrastRatio=4.5:1, fgColor=#ffffff, fontSize=12.0pt (16px), fontWeight=normal, messageKey=null}', relatedNodes='[Node{target='[.plans.p--0.bg-blue]', html='<section class="plans p--0 bg-blue bg-cyan d-none banner-lg-container">'}]'}]', all='[]', none='[]'}, CheckedNode{target='[.plans-text > ul > li:nth-child(2) > strong]', html='<strong>Coinsurance</strong>', impact='serious', failureSummary='Fix any of the following:
  Element has insufficient color contrast of 2.38 (foreground color: #ffffff, background color: #1db9c7, font size: 12.0pt (16px), font weight: normal). Expected contrast ratio of 4.5:1', any='[CheckedNode{id='color-contrast', impact='serious', message='Element has insufficient color contrast of 2.38 (foreground color: #ffffff, background color: #1db9c7, font size: 12.0pt (16px), font weight: normal). Expected contrast ratio of 4.5:1', data='{bgColor=#1db9c7, contrastRatio=2.38, expectedContrastRatio=4.5:1, fgColor=#ffffff, fontSize=12.0pt (16px), fontWeight=normal, messageKey=null}', relatedNodes='[Node{target='[.plans.p--0.bg-blue]', html='<section class="plans p--0 bg-blue bg-cyan d-none banner-lg-container">'}]'}]', all='[]', none='[]'}, CheckedNode{target='[.plans-text > ul > li:nth-child(3) > strong]', html='<strong>Limits</strong>', impact='serious', failureSummary='Fix any of the following:
  Element has insufficient color contrast of 2.38 (foreground color: #ffffff, background color: #1db9c7, font size: 12.0pt (16px), font weight: normal). Expected contrast ratio of 4.5:1', any='[CheckedNode{id='color-contrast', impact='serious', message='Element has insufficient color contrast of 2.38 (foreground color: #ffffff, background color: #1db9c7, font size: 12.0pt (16px), font weight: normal). Expected contrast ratio of 4.5:1', data='{bgColor=#1db9c7, contrastRatio=2.38, expectedContrastRatio=4.5:1, fgColor=#ffffff, fontSize=12.0pt (16px), fontWeight=normal, messageKey=null}', relatedNodes='[Node{target='[.plans.p--0.bg-blue]', html='<section class="plans p--0 bg-blue bg-cyan d-none banner-lg-container">'}]'}]', all='[]', none='[]'}, CheckedNode{target='[.plans-text > .p-2.fw--600[href$="enroll"]]', html='<a href="/enroll" class="link btn p-2 tt--upper fw--600">SEE OUR PLANS</a>', impact='serious', failureSummary='Fix any of the following:
  Element has insufficient color contrast of 3.92 (foreground color: #0060a7, background color: #febf10, font size: 13.2pt (17.6px), font weight: normal). Expected contrast ratio of 4.5:1', any='[CheckedNode{id='color-contrast', impact='serious', message='Element has insufficient color contrast of 3.92 (foreground color: #0060a7, background color: #febf10, font size: 13.2pt (17.6px), font weight: normal). Expected contrast ratio of 4.5:1', data='{bgColor=#febf10, contrastRatio=3.92, expectedContrastRatio=4.5:1, fgColor=#0060a7, fontSize=13.2pt (17.6px), fontWeight=normal, messageKey=null}', relatedNodes='[Node{target='[.plans-text > .p-2.fw--600[href$="enroll"]]', html='<a href="/enroll" class="link btn p-2 tt--upper fw--600">SEE OUR PLANS</a>'}]'}]', all='[]', none='[]'}, CheckedNode{target='[.col-md-12.pt--2.col-xs-12 > .ta--center:nth-child(1)]', html='<h2 class="cyan ta--center">PetPartners Perks</h2>', impact='serious', failureSummary='Fix any of the following:
  Element has insufficient color contrast of 2.38 (foreground color: #1db9c7, background color: #ffffff, font size: 21.0pt (28px), font weight: normal). Expected contrast ratio of 3:1', any='[CheckedNode{id='color-contrast', impact='serious', message='Element has insufficient color contrast of 2.38 (foreground color: #1db9c7, background color: #ffffff, font size: 21.0pt (28px), font weight: normal). Expected contrast ratio of 3:1', data='{bgColor=#ffffff, contrastRatio=2.38, expectedContrastRatio=3:1, fgColor=#1db9c7, fontSize=21.0pt (28px), fontWeight=normal, messageKey=null}', relatedNodes='[]'}]', all='[]', none='[]'}, CheckedNode{target='[.p--2.col-lg-4.col-sm-4:nth-child(1) > h4]', html='<h4 class="cyan">Tailtrax®</h4>', impact='serious', failureSummary='Fix any of the following:
  Element has insufficient color contrast of 2.38 (foreground color: #1db9c7, background color: #ffffff, font size: 14.1pt (18.8px), font weight: normal). Expected contrast ratio of 4.5:1', any='[CheckedNode{id='color-contrast', impact='serious', message='Element has insufficient color contrast of 2.38 (foreground color: #1db9c7, background color: #ffffff, font size: 14.1pt (18.8px), font weight: normal). Expected contrast ratio of 4.5:1', data='{bgColor=#ffffff, contrastRatio=2.38, expectedContrastRatio=4.5:1, fgColor=#1db9c7, fontSize=14.1pt (18.8px), fontWeight=normal, messageKey=null}', relatedNodes='[]'}]', all='[]', none='[]'}, CheckedNode{target='[.p--2.col-lg-4.col-sm-4:nth-child(2) > h4]', html='<h4 class="cyan">24/7 Vet Helpline</h4>', impact='serious', failureSummary='Fix any of the following:
  Element has insufficient color contrast of 2.38 (foreground color: #1db9c7, background color: #ffffff, font size: 14.1pt (18.8px), font weight: normal). Expected contrast ratio of 4.5:1', any='[CheckedNode{id='color-contrast', impact='serious', message='Element has insufficient color contrast of 2.38 (foreground color: #1db9c7, background color: #ffffff, font size: 14.1pt (18.8px), font weight: normal). Expected contrast ratio of 4.5:1', data='{bgColor=#ffffff, contrastRatio=2.38, expectedContrastRatio=4.5:1, fgColor=#1db9c7, fontSize=14.1pt (18.8px), fontWeight=normal, messageKey=null}', relatedNodes='[]'}]', all='[]', none='[]'}, CheckedNode{target='[.p--2.col-lg-4.col-sm-4:nth-child(3) > h4]', html='<h4 class="cyan">PetGenius RX</h4>', impact='serious', failureSummary='Fix any of the following:
  Element has insufficient color contrast of 2.38 (foreground color: #1db9c7, background color: #ffffff, font size: 14.1pt (18.8px), font weight: normal). Expected contrast ratio of 4.5:1', any='[CheckedNode{id='color-contrast', impact='serious', message='Element has insufficient color contrast of 2.38 (foreground color: #1db9c7, background color: #ffffff, font size: 14.1pt (18.8px), font weight: normal). Expected contrast ratio of 4.5:1', data='{bgColor=#ffffff, contrastRatio=2.38, expectedContrastRatio=4.5:1, fgColor=#1db9c7, fontSize=14.1pt (18.8px), fontWeight=normal, messageKey=null}', relatedNodes='[]'}]', all='[]', none='[]'}, CheckedNode{target='[.center-text:nth-child(1)]', html='<h2 class="center-text c--white">Let’s Get Started!</h2>', impact='serious', failureSummary='Fix any of the following:
  Element has insufficient color contrast of 2.38 (foreground color: #ffffff, background color: #1db9c7, font size: 21.0pt (28px), font weight: normal). Expected contrast ratio of 3:1', any='[CheckedNode{id='color-contrast', impact='serious', message='Element has insufficient color contrast of 2.38 (foreground color: #ffffff, background color: #1db9c7, font size: 21.0pt (28px), font weight: normal). Expected contrast ratio of 3:1', data='{bgColor=#1db9c7, contrastRatio=2.38, expectedContrastRatio=3:1, fgColor=#ffffff, fontSize=21.0pt (28px), fontWeight=normal, messageKey=null}', relatedNodes='[Node{target='[.bg-cyan.row]', html='<div class="row bg-cyan">'}]'}]', all='[]', none='[]'}, CheckedNode{target='[.p--1 > .form__main-page[method="post"][action="/enroll"] > .form__display-button.d--inline-block]', html='<button class="form__display-button btn--none d--inline-block pl--2 pr--2 tt--upper bg-yellow dark-blue">Get Quote</button>', impact='serious', failureSummary='Fix any of the following:
  Element has insufficient color contrast of 3.92 (foreground color: #0060a7, background color: #febf10, font size: 15.0pt (20px), font weight: normal). Expected contrast ratio of 4.5:1', any='[CheckedNode{id='color-contrast', impact='serious', message='Element has insufficient color contrast of 3.92 (foreground color: #0060a7, background color: #febf10, font size: 15.0pt (20px), font weight: normal). Expected contrast ratio of 4.5:1', data='{bgColor=#febf10, contrastRatio=3.92, expectedContrastRatio=4.5:1, fgColor=#0060a7, fontSize=15.0pt (20px), fontWeight=normal, messageKey=null, shadowColor=#edb20f}', relatedNodes='[Node{target='[.p--1 > .form__main-page[method="post"][action="/enroll"] > .form__display-button.d--inline-block]', html='<button class="form__display-button btn--none d--inline-block pl--2 pr--2 tt--upper bg-yellow dark-blue">Get Quote</button>'}]'}]', all='[]', none='[]'}, CheckedNode{target='[.center-text:nth-child(5)]', html='<h3 class="center-text c--white">Free-Look Period</h3>', impact='serious', failureSummary='Fix any of the following:
  Element has insufficient color contrast of 2.38 (foreground color: #ffffff, background color: #1db9c7, font size: 18.0pt (24px), font weight: normal). Expected contrast ratio of 3:1', any='[CheckedNode{id='color-contrast', impact='serious', message='Element has insufficient color contrast of 2.38 (foreground color: #ffffff, background color: #1db9c7, font size: 18.0pt (24px), font weight: normal). Expected contrast ratio of 3:1', data='{bgColor=#1db9c7, contrastRatio=2.38, expectedContrastRatio=3:1, fgColor=#ffffff, fontSize=18.0pt (24px), fontWeight=normal, messageKey=null}', relatedNodes='[Node{target='[.bg-cyan.row]', html='<div class="row bg-cyan">'}]'}]', all='[]', none='[]'}, CheckedNode{target='[.center-text.c--white:nth-child(6)]', html='<p class="center-text c--white">If you are not completely satisfied within the first 30 days of your full-term policy, we will refund 100% of your premium as long as no claims have been filed.*</p>', impact='serious', failureSummary='Fix any of the following:
  Element has insufficient color contrast of 2.38 (foreground color: #ffffff, background color: #1db9c7, font size: 12.0pt (16px), font weight: normal). Expected contrast ratio of 4.5:1', any='[CheckedNode{id='color-contrast', impact='serious', message='Element has insufficient color contrast of 2.38 (foreground color: #ffffff, background color: #1db9c7, font size: 12.0pt (16px), font weight: normal). Expected contrast ratio of 4.5:1', data='{bgColor=#1db9c7, contrastRatio=2.38, expectedContrastRatio=4.5:1, fgColor=#ffffff, fontSize=12.0pt (16px), fontWeight=normal, messageKey=null}', relatedNodes='[Node{target='[.bg-cyan.row]', html='<div class="row bg-cyan">'}]'}]', all='[]', none='[]'}, CheckedNode{target='[.yellow.h1plus.center-xs > p]', html='<p>we're passionate</p>', impact='serious', failureSummary='Fix any of the following:
  Element has insufficient color contrast of 1.65 (foreground color: #febf10, background color: #ffffff, font size: 31.5pt (42px), font weight: normal). Expected contrast ratio of 3:1', any='[CheckedNode{id='color-contrast', impact='serious', message='Element has insufficient color contrast of 1.65 (foreground color: #febf10, background color: #ffffff, font size: 31.5pt (42px), font weight: normal). Expected contrast ratio of 3:1', data='{bgColor=#ffffff, contrastRatio=1.65, expectedContrastRatio=3:1, fgColor=#febf10, fontSize=31.5pt (42px), fontWeight=normal, messageKey=null}', relatedNodes='[]'}]', all='[]', none='[]'}, CheckedNode{target='[.col-md-6.col-lg-6.col-xs-12:nth-child(2) > h3 > p:nth-child(1)]', html='<p>', impact='serious', failureSummary='Fix any of the following:
  Element has insufficient color contrast of 2.38 (foreground color: #1db9c7, background color: #ffffff, font size: 18.0pt (24px), font weight: normal). Expected contrast ratio of 3:1', any='[CheckedNode{id='color-contrast', impact='serious', message='Element has insufficient color contrast of 2.38 (foreground color: #1db9c7, background color: #ffffff, font size: 18.0pt (24px), font weight: normal). Expected contrast ratio of 3:1', data='{bgColor=#ffffff, contrastRatio=2.38, expectedContrastRatio=3:1, fgColor=#1db9c7, fontSize=18.0pt (24px), fontWeight=normal, messageKey=null}', relatedNodes='[]'}]', all='[]', none='[]'}, CheckedNode{target='[small]', html='<small style="font-size: 16px;">~Adam B., Customer Care Supervisor</small>', impact='serious', failureSummary='Fix any of the following:
  Element has insufficient color contrast of 2.38 (foreground color: #1db9c7, background color: #ffffff, font size: 12.0pt (16px), font weight: normal). Expected contrast ratio of 4.5:1', any='[CheckedNode{id='color-contrast', impact='serious', message='Element has insufficient color contrast of 2.38 (foreground color: #1db9c7, background color: #ffffff, font size: 12.0pt (16px), font weight: normal). Expected contrast ratio of 4.5:1', data='{bgColor=#ffffff, contrastRatio=2.38, expectedContrastRatio=4.5:1, fgColor=#1db9c7, fontSize=12.0pt (16px), fontWeight=normal, messageKey=null}', relatedNodes='[]'}]', all='[]', none='[]'}, CheckedNode{target='[.fw--600.link[href$="about-us"]]', html='<a href="/about-us" class="link btn tt--upper fw--600">OUR STORY</a>', impact='serious', failureSummary='Fix any of the following:
  Element has insufficient color contrast of 3.92 (foreground color: #0060a7, background color: #febf10, font size: 13.2pt (17.6px), font weight: normal). Expected contrast ratio of 4.5:1', any='[CheckedNode{id='color-contrast', impact='serious', message='Element has insufficient color contrast of 3.92 (foreground color: #0060a7, background color: #febf10, font size: 13.2pt (17.6px), font weight: normal). Expected contrast ratio of 4.5:1', data='{bgColor=#febf10, contrastRatio=3.92, expectedContrastRatio=4.5:1, fgColor=#0060a7, fontSize=13.2pt (17.6px), fontWeight=normal, messageKey=null}', relatedNodes='[Node{target='[.fw--600.link[href$="about-us"]]', html='<a href="/about-us" class="link btn tt--upper fw--600">OUR STORY</a>'}]'}]', all='[]', none='[]'}, CheckedNode{target='[.mw--300.banner-lg-fluid-text.pt--2 > h3 > p]', html='<p>Here’s how PetPartners has helped fellow pet parents:</p>', impact='serious', failureSummary='Fix any of the following:
  Element has insufficient color contrast of 1.65 (foreground color: #ffffff, background color: #febf10, font size: 18.0pt (24px), font weight: normal). Expected contrast ratio of 3:1', any='[CheckedNode{id='color-contrast', impact='serious', message='Element has insufficient color contrast of 1.65 (foreground color: #ffffff, background color: #febf10, font size: 18.0pt (24px), font weight: normal). Expected contrast ratio of 3:1', data='{bgColor=#febf10, contrastRatio=1.65, expectedContrastRatio=3:1, fgColor=#ffffff, fontSize=18.0pt (24px), fontWeight=normal, messageKey=null}', relatedNodes='[Node{target='[.testimonials.p--0.bg-blue]', html='<section class="testimonials p--0 bg-blue bg-yellow d-none banner-lg-container">'}]'}]', all='[]', none='[]'}, CheckedNode{target='[.mw--300.banner-lg-fluid-text.pt--2 > .c--primary > p:nth-child(1)]', html='<p>A one-year-old German Shephard living in Alaska was treated for Gastroenteritis.</p>', impact='serious', failureSummary='Fix any of the following:
  Element has insufficient color contrast of 3.92 (foreground color: #0060a7, background color: #febf10, font size: 14.1pt (18.8px), font weight: normal). Expected contrast ratio of 4.5:1', any='[CheckedNode{id='color-contrast', impact='serious', message='Element has insufficient color contrast of 3.92 (foreground color: #0060a7, background color: #febf10, font size: 14.1pt (18.8px), font weight: normal). Expected contrast ratio of 4.5:1', data='{bgColor=#febf10, contrastRatio=3.92, expectedContrastRatio=4.5:1, fgColor=#0060a7, fontSize=14.1pt (18.8px), fontWeight=normal, messageKey=null}', relatedNodes='[Node{target='[.testimonials.p--0.bg-blue]', html='<section class="testimonials p--0 bg-blue bg-yellow d-none banner-lg-container">'}]'}]', all='[]', none='[]'}, CheckedNode{target='[.mw--300.banner-lg-fluid-text.pt--2 > .c--primary > p:nth-child(2)]', html='<p>Cost of treatment: $1,163.77</p>', impact='serious', failureSummary='Fix any of the following:
  Element has insufficient color contrast of 3.92 (foreground color: #0060a7, background color: #febf10, font size: 14.1pt (18.8px), font weight: normal). Expected contrast ratio of 4.5:1', any='[CheckedNode{id='color-contrast', impact='serious', message='Element has insufficient color contrast of 3.92 (foreground color: #0060a7, background color: #febf10, font size: 14.1pt (18.8px), font weight: normal). Expected contrast ratio of 4.5:1', data='{bgColor=#febf10, contrastRatio=3.92, expectedContrastRatio=4.5:1, fgColor=#0060a7, fontSize=14.1pt (18.8px), fontWeight=normal, messageKey=null}', relatedNodes='[Node{target='[.testimonials.p--0.bg-blue]', html='<section class="testimonials p--0 bg-blue bg-yellow d-none banner-lg-container">'}]'}]', all='[]', none='[]'}, CheckedNode{target='[header > h2]', html='<h2 class="cyan">Wags &amp; Wisdom</h2>', impact='serious', failureSummary='Fix any of the following:
  Element has insufficient color contrast of 2.38 (foreground color: #1db9c7, background color: #ffffff, font size: 21.0pt (28px), font weight: normal). Expected contrast ratio of 3:1', any='[CheckedNode{id='color-contrast', impact='serious', message='Element has insufficient color contrast of 2.38 (foreground color: #1db9c7, background color: #ffffff, font size: 21.0pt (28px), font weight: normal). Expected contrast ratio of 3:1', data='{bgColor=#ffffff, contrastRatio=2.38, expectedContrastRatio=3:1, fgColor=#1db9c7, fontSize=21.0pt (28px), fontWeight=normal, messageKey=null}', relatedNodes='[Node{target='[.blog-container]', html='<section class="container container--center mw--1300 bg--white pt--4 pb--4 blog-container">'}]'}]', all='[]', none='[]'}, CheckedNode{target='[.col-lg-4.col-md-4.col-sm-4:nth-child(1) > .pt--1 > .fw--500.cyan]', html='<a href="/blog/pet-health-and-safety/dog-park-safety" class="cyan fw--500">Read more</a>', impact='serious', failureSummary='Fix any of the following:
  Element has insufficient color contrast of 2.38 (foreground color: #1db9c7, background color: #ffffff, font size: 12.0pt (16px), font weight: normal). Expected contrast ratio of 4.5:1', any='[CheckedNode{id='color-contrast', impact='serious', message='Element has insufficient color contrast of 2.38 (foreground color: #1db9c7, background color: #ffffff, font size: 12.0pt (16px), font weight: normal). Expected contrast ratio of 4.5:1', data='{bgColor=#ffffff, contrastRatio=2.38, expectedContrastRatio=4.5:1, fgColor=#1db9c7, fontSize=12.0pt (16px), fontWeight=normal, messageKey=null}', relatedNodes='[Node{target='[.blog-container]', html='<section class="container container--center mw--1300 bg--white pt--4 pb--4 blog-container">'}]'}]', all='[]', none='[]'}, CheckedNode{target='[.col-lg-4.col-md-4.col-sm-4:nth-child(2) > .pt--1 > .fw--500.cyan]', html='<a href="/blog/pet-health-and-safety/lyme-disease-prevention" class="cyan fw--500">Read more</a>', impact='serious', failureSummary='Fix any of the following:
  Element has insufficient color contrast of 2.38 (foreground color: #1db9c7, background color: #ffffff, font size: 12.0pt (16px), font weight: normal). Expected contrast ratio of 4.5:1', any='[CheckedNode{id='color-contrast', impact='serious', message='Element has insufficient color contrast of 2.38 (foreground color: #1db9c7, background color: #ffffff, font size: 12.0pt (16px), font weight: normal). Expected contrast ratio of 4.5:1', data='{bgColor=#ffffff, contrastRatio=2.38, expectedContrastRatio=4.5:1, fgColor=#1db9c7, fontSize=12.0pt (16px), fontWeight=normal, messageKey=null}', relatedNodes='[Node{target='[.blog-container]', html='<section class="container container--center mw--1300 bg--white pt--4 pb--4 blog-container">'}]'}]', all='[]', none='[]'}, CheckedNode{target='[.col-lg-4.col-md-4.col-sm-4:nth-child(3) > .pt--1 > .fw--500.cyan]', html='<a href="/blog/new-pet-owners/5-ways-to-bond-with-your-pet" class="cyan fw--500">Read more</a>', impact='serious', failureSummary='Fix any of the following:
  Element has insufficient color contrast of 2.38 (foreground color: #1db9c7, background color: #ffffff, font size: 12.0pt (16px), font weight: normal). Expected contrast ratio of 4.5:1', any='[CheckedNode{id='color-contrast', impact='serious', message='Element has insufficient color contrast of 2.38 (foreground color: #1db9c7, background color: #ffffff, font size: 12.0pt (16px), font weight: normal). Expected contrast ratio of 4.5:1', data='{bgColor=#ffffff, contrastRatio=2.38, expectedContrastRatio=4.5:1, fgColor=#1db9c7, fontSize=12.0pt (16px), fontWeight=normal, messageKey=null}', relatedNodes='[Node{target='[.blog-container]', html='<section class="container container--center mw--1300 bg--white pt--4 pb--4 blog-container">'}]'}]', all='[]', none='[]'}, CheckedNode{target='[.mw--600 > .form__main-page[method="post"][action="/enroll"] > .form__display-button.d--inline-block]', html='<button class="form__display-button btn--none d--inline-block pl--2 pr--2 tt--upper bg-yellow dark-blue">Get Quote</button>', impact='serious', failureSummary='Fix any of the following:
  Element has insufficient color contrast of 3.92 (foreground color: #0060a7, background color: #febf10, font size: 15.0pt (20px), font weight: normal). Expected contrast ratio of 4.5:1', any='[CheckedNode{id='color-contrast', impact='serious', message='Element has insufficient color contrast of 3.92 (foreground color: #0060a7, background color: #febf10, font size: 15.0pt (20px), font weight: normal). Expected contrast ratio of 4.5:1', data='{bgColor=#febf10, contrastRatio=3.92, expectedContrastRatio=4.5:1, fgColor=#0060a7, fontSize=15.0pt (20px), fontWeight=normal, messageKey=null, shadowColor=#edb20f}', relatedNodes='[Node{target='[.mw--600 > .form__main-page[method="post"][action="/enroll"] > .form__display-button.d--inline-block]', html='<button class="form__display-button btn--none d--inline-block pl--2 pr--2 tt--upper bg-yellow dark-blue">Get Quote</button>'}]'}]', all='[]', none='[]'}, CheckedNode{target='[.col-lg-2-4.footer__nav-group.col-md-4:nth-child(1) > div > span]', html='<span>Pet Insurance</span>', impact='serious', failureSummary='Fix any of the following:
  Element has insufficient color contrast of 2.38 (foreground color: #1db9c7, background color: #ffffff, font size: 16.5pt (22px), font weight: normal). Expected contrast ratio of 4.5:1', any='[CheckedNode{id='color-contrast', impact='serious', message='Element has insufficient color contrast of 2.38 (foreground color: #1db9c7, background color: #ffffff, font size: 16.5pt (22px), font weight: normal). Expected contrast ratio of 4.5:1', data='{bgColor=#ffffff, contrastRatio=2.38, expectedContrastRatio=4.5:1, fgColor=#1db9c7, fontSize=16.5pt (22px), fontWeight=normal, messageKey=null}', relatedNodes='[Node{target='[.footer__nav]', html='<nav class="bg--white footer__nav content--2">'}]'}]', all='[]', none='[]'}, CheckedNode{target='[.col-lg-2-4.footer__nav-group.col-md-4:nth-child(2) > div > span]', html='<span>Our Company</span>', impact='serious', failureSummary='Fix any of the following:
  Element has insufficient color contrast of 2.38 (foreground color: #1db9c7, background color: #ffffff, font size: 16.5pt (22px), font weight: normal). Expected contrast ratio of 4.5:1', any='[CheckedNode{id='color-contrast', impact='serious', message='Element has insufficient color contrast of 2.38 (foreground color: #1db9c7, background color: #ffffff, font size: 16.5pt (22px), font weight: normal). Expected contrast ratio of 4.5:1', data='{bgColor=#ffffff, contrastRatio=2.38, expectedContrastRatio=4.5:1, fgColor=#1db9c7, fontSize=16.5pt (22px), fontWeight=normal, messageKey=null}', relatedNodes='[Node{target='[.footer__nav]', html='<nav class="bg--white footer__nav content--2">'}]'}]', all='[]', none='[]'}, CheckedNode{target='[.col-lg-2-4.footer__nav-group.col-md-4:nth-child(3) > div > span]', html='<span>Policyholders</span>', impact='serious', failureSummary='Fix any of the following:
  Element has insufficient color contrast of 2.38 (foreground color: #1db9c7, background color: #ffffff, font size: 16.5pt (22px), font weight: normal). Expected contrast ratio of 4.5:1', any='[CheckedNode{id='color-contrast', impact='serious', message='Element has insufficient color contrast of 2.38 (foreground color: #1db9c7, background color: #ffffff, font size: 16.5pt (22px), font weight: normal). Expected contrast ratio of 4.5:1', data='{bgColor=#ffffff, contrastRatio=2.38, expectedContrastRatio=4.5:1, fgColor=#1db9c7, fontSize=16.5pt (22px), fontWeight=normal, messageKey=null}', relatedNodes='[Node{target='[.footer__nav]', html='<nav class="bg--white footer__nav content--2">'}]'}]', all='[]', none='[]'}, CheckedNode{target='[.col-lg-2-4.footer__nav-group.col-md-4:nth-child(4) > div > span]', html='<span>Partnerships</span>', impact='serious', failureSummary='Fix any of the following:
  Element has insufficient color contrast of 2.38 (foreground color: #1db9c7, background color: #ffffff, font size: 16.5pt (22px), font weight: normal). Expected contrast ratio of 4.5:1', any='[CheckedNode{id='color-contrast', impact='serious', message='Element has insufficient color contrast of 2.38 (foreground color: #1db9c7, background color: #ffffff, font size: 16.5pt (22px), font weight: normal). Expected contrast ratio of 4.5:1', data='{bgColor=#ffffff, contrastRatio=2.38, expectedContrastRatio=4.5:1, fgColor=#1db9c7, fontSize=16.5pt (22px), fontWeight=normal, messageKey=null}', relatedNodes='[Node{target='[.footer__nav]', html='<nav class="bg--white footer__nav content--2">'}]'}]', all='[]', none='[]'}, CheckedNode{target='[.col-lg-2-4.footer__nav-group.col-md-4:nth-child(5) > div > span]', html='<span>Resources</span>', impact='serious', failureSummary='Fix any of the following:
  Element has insufficient color contrast of 2.38 (foreground color: #1db9c7, background color: #ffffff, font size: 16.5pt (22px), font weight: normal). Expected contrast ratio of 4.5:1', any='[CheckedNode{id='color-contrast', impact='serious', message='Element has insufficient color contrast of 2.38 (foreground color: #1db9c7, background color: #ffffff, font size: 16.5pt (22px), font weight: normal). Expected contrast ratio of 4.5:1', data='{bgColor=#ffffff, contrastRatio=2.38, expectedContrastRatio=4.5:1, fgColor=#1db9c7, fontSize=16.5pt (22px), fontWeight=normal, messageKey=null}', relatedNodes='[Node{target='[.footer__nav]', html='<nav class="bg--white footer__nav content--2">'}]'}]', all='[]', none='[]'}]
Help URL: https://dequeuniversity.com/rules/axe/4.5/color-contrast?application=axeAPI
Violation:
Description: Ensures every id attribute value of active elements is unique
Help: IDs of active elements must be unique
Impact: serious
Nodes: [CheckedNode{target='[.p--1 > .form__main-page[method="post"][action="/enroll"] > .form__display-input.bs--none[placeholder="Who’s a good boy/girl?"]]', html='<input type="text" id="pet-name" placeholder="Who’s a good boy/girl?" name="pet-name" class="form__display-input bs--none pt--1 pb--1 pl--2 pr--2">', impact='serious', failureSummary='Fix any of the following:
  Document has active elements with the same id attribute: pet-name', any='[CheckedNode{id='duplicate-id-active', impact='serious', message='Document has active elements with the same id attribute: pet-name', data='pet-name', relatedNodes='[Node{target='[.mw--600 > .form__main-page[method="post"][action="/enroll"] > .form__display-input.bs--none[placeholder="Who’s a good boy/girl?"]]', html='<input type="text" id="pet-name" placeholder="Who’s a good boy/girl?" name="pet-name" class="form__display-input bs--none pt--1 pb--1 pl--2 pr--2">'}]'}]', all='[]', none='[]'}]
Help URL: https://dequeuniversity.com/rules/axe/4.5/duplicate-id-active?application=axeAPI
Violation:
Description: Ensures every id attribute value is unique
Help: id attribute value must be unique
Impact: minor
Nodes: [CheckedNode{target='[.main__logo > defs > clippath]', html='<clipPath id="clip0"><rect width="277.9" height="57.24" fill="white" transform="translate(0 0.103027)"></rect></clipPath>', impact='minor', failureSummary='Fix any of the following:
  Document has multiple static elements with the same id attribute: clip0', any='[CheckedNode{id='duplicate-id', impact='minor', message='Document has multiple static elements with the same id attribute: clip0', data='clip0', relatedNodes='[Node{target='[.ta-left > svg[width="278"][height="58"][viewBox="0 0 278 58"] > defs > clippath]', html='<clipPath id="clip0"><rect width="277.9" height="57.24" fill="white" transform="translate(0 0.103027)"></rect></clipPath>'}]'}]', all='[]', none='[]'}]
Help URL: https://dequeuniversity.com/rules/axe/4.5/duplicate-id?application=axeAPI
Violation:
Description: Ensures the order of headings is semantically correct
Help: Heading levels should only increase by one
Impact: moderate
Nodes: [CheckedNode{target='[.pb--2 > .dark-blue]', html='<h4 class="dark-blue"><p>You want to provide your pet with the best protection possible, but it can be hard to make sense of the complex world of pet insurance. We’re here to make pet insurance less confusing and walk you through all of the terms, conditions, and definitions.</p></h4>', impact='moderate', failureSummary='Fix any of the following:
  Heading order invalid', any='[CheckedNode{id='heading-order', impact='moderate', message='Heading order invalid', data='null', relatedNodes='[]'}]', all='[]', none='[]'}, CheckedNode{target='[.p--2.col-lg-4.col-sm-4:nth-child(1) > h4]', html='<h4 class="cyan">Tailtrax®</h4>', impact='moderate', failureSummary='Fix any of the following:
  Heading order invalid', any='[CheckedNode{id='heading-order', impact='moderate', message='Heading order invalid', data='null', relatedNodes='[]'}]', all='[]', none='[]'}, CheckedNode{target='[.col-lg-4.col-md-4.col-sm-4:nth-child(1) > .pt--1 > a:nth-child(1) > .dark-blue.fw--500.pt--1]', html='<h4 class="dark-blue fw--500  pt--1">Dog Park Safety: Have a Pawsitive Experience</h4>', impact='moderate', failureSummary='Fix any of the following:
  Heading order invalid', any='[CheckedNode{id='heading-order', impact='moderate', message='Heading order invalid', data='null', relatedNodes='[]'}]', all='[]', none='[]'}]
Help URL: https://dequeuniversity.com/rules/axe/4.5/heading-order?application=axeAPI
Violation:
Description: Ensures <img> elements have alternate text or a role of none or presentation
Help: Images must have alternate text
Impact: critical
Nodes: [CheckedNode{target='[.mask]', html='<img src="/media/k4uo0v2j/hero-header-marker.svg" class="mask">', impact='critical', failureSummary='Fix any of the following:
  Element does not have an alt attribute
  aria-label attribute does not exist or is empty
  aria-labelledby attribute does not exist, references elements that do not exist or references elements that are empty
  Element has no title attribute
  Element's default semantics were not overridden with role="none" or role="presentation"', any='[CheckedNode{id='has-alt', impact='critical', message='Element does not have an alt attribute', data='null', relatedNodes='[]'}, CheckedNode{id='aria-label', impact='serious', message='aria-label attribute does not exist or is empty', data='null', relatedNodes='[]'}, CheckedNode{id='aria-labelledby', impact='serious', message='aria-labelledby attribute does not exist, references elements that do not exist or references elements that are empty', data='null', relatedNodes='[]'}, CheckedNode{id='non-empty-title', impact='serious', message='Element has no title attribute', data='{messageKey=noAttr}', relatedNodes='[]'}, CheckedNode{id='presentational-role', impact='minor', message='Element's default semantics were not overridden with role="none" or role="presentation"', data='null', relatedNodes='[]'}]', all='[]', none='[]'}, CheckedNode{target='[.p--2.col-lg-4.col-sm-4:nth-child(1) > .w--100]', html='<img class="w--100" src="/media/rmyd4pye/ppi-group-image-2.jpg">', impact='critical', failureSummary='Fix any of the following:
  Element does not have an alt attribute
  aria-label attribute does not exist or is empty
  aria-labelledby attribute does not exist, references elements that do not exist or references elements that are empty
  Element has no title attribute
  Element's default semantics were not overridden with role="none" or role="presentation"', any='[CheckedNode{id='has-alt', impact='critical', message='Element does not have an alt attribute', data='null', relatedNodes='[]'}, CheckedNode{id='aria-label', impact='serious', message='aria-label attribute does not exist or is empty', data='null', relatedNodes='[]'}, CheckedNode{id='aria-labelledby', impact='serious', message='aria-labelledby attribute does not exist, references elements that do not exist or references elements that are empty', data='null', relatedNodes='[]'}, CheckedNode{id='non-empty-title', impact='serious', message='Element has no title attribute', data='{messageKey=noAttr}', relatedNodes='[]'}, CheckedNode{id='presentational-role', impact='minor', message='Element's default semantics were not overridden with role="none" or role="presentation"', data='null', relatedNodes='[]'}]', all='[]', none='[]'}, CheckedNode{target='[.p--2.col-lg-4.col-sm-4:nth-child(2) > .w--100]', html='<img src="/media/0kpnfsi5/ppi-group-image-3.jpg" class="w--100">', impact='critical', failureSummary='Fix any of the following:
  Element does not have an alt attribute
  aria-label attribute does not exist or is empty
  aria-labelledby attribute does not exist, references elements that do not exist or references elements that are empty
  Element has no title attribute
  Element's default semantics were not overridden with role="none" or role="presentation"', any='[CheckedNode{id='has-alt', impact='critical', message='Element does not have an alt attribute', data='null', relatedNodes='[]'}, CheckedNode{id='aria-label', impact='serious', message='aria-label attribute does not exist or is empty', data='null', relatedNodes='[]'}, CheckedNode{id='aria-labelledby', impact='serious', message='aria-labelledby attribute does not exist, references elements that do not exist or references elements that are empty', data='null', relatedNodes='[]'}, CheckedNode{id='non-empty-title', impact='serious', message='Element has no title attribute', data='{messageKey=noAttr}', relatedNodes='[]'}, CheckedNode{id='presentational-role', impact='minor', message='Element's default semantics were not overridden with role="none" or role="presentation"', data='null', relatedNodes='[]'}]', all='[]', none='[]'}, CheckedNode{target='[.p--2.col-lg-4.col-sm-4:nth-child(3) > .w--100]', html='<img src="/media/ut3dzyrr/ppi-group-image-4.jpg" class="w--100">', impact='critical', failureSummary='Fix any of the following:
  Element does not have an alt attribute
  aria-label attribute does not exist or is empty
  aria-labelledby attribute does not exist, references elements that do not exist or references elements that are empty
  Element has no title attribute
  Element's default semantics were not overridden with role="none" or role="presentation"', any='[CheckedNode{id='has-alt', impact='critical', message='Element does not have an alt attribute', data='null', relatedNodes='[]'}, CheckedNode{id='aria-label', impact='serious', message='aria-label attribute does not exist or is empty', data='null', relatedNodes='[]'}, CheckedNode{id='aria-labelledby', impact='serious', message='aria-labelledby attribute does not exist, references elements that do not exist or references elements that are empty', data='null', relatedNodes='[]'}, CheckedNode{id='non-empty-title', impact='serious', message='Element has no title attribute', data='{messageKey=noAttr}', relatedNodes='[]'}, CheckedNode{id='presentational-role', impact='minor', message='Element's default semantics were not overridden with role="none" or role="presentation"', data='null', relatedNodes='[]'}]', all='[]', none='[]'}, CheckedNode{target='[.story-img]', html='<img src="/media/dffh4kwz/homepage-desktop_pp_customerteam_2.jpg" class="story-img">', impact='critical', failureSummary='Fix any of the following:
  Element does not have an alt attribute
  aria-label attribute does not exist or is empty
  aria-labelledby attribute does not exist, references elements that do not exist or references elements that are empty
  Element has no title attribute
  Element's default semantics were not overridden with role="none" or role="presentation"', any='[CheckedNode{id='has-alt', impact='critical', message='Element does not have an alt attribute', data='null', relatedNodes='[]'}, CheckedNode{id='aria-label', impact='serious', message='aria-label attribute does not exist or is empty', data='null', relatedNodes='[]'}, CheckedNode{id='aria-labelledby', impact='serious', message='aria-labelledby attribute does not exist, references elements that do not exist or references elements that are empty', data='null', relatedNodes='[]'}, CheckedNode{id='non-empty-title', impact='serious', message='Element has no title attribute', data='{messageKey=noAttr}', relatedNodes='[]'}, CheckedNode{id='presentational-role', impact='minor', message='Element's default semantics were not overridden with role="none" or role="presentation"', data='null', relatedNodes='[]'}]', all='[]', none='[]'}]
Help URL: https://dequeuniversity.com/rules/axe/4.5/image-alt?application=axeAPI
Violation:
Description: Landmarks should have a unique role or role/label/title (i.e. accessible name) combination
Help: Ensures landmarks are unique
Impact: moderate
Nodes: [CheckedNode{target='[.top-nav]', html='<nav class="top-nav"><ul><li><a href="/30-day-pet-insurance-coverage" class="cyan">ACTIVATE COVERAGE</a></li><li><a href="/portal" class="c--black">Log In</a></li><li><a class="p-margin cyan" href="tel:+1-866-774-1113">1 (866) 774 - 1113</a></li></ul></nav>', impact='moderate', failureSummary='Fix any of the following:
  The landmark must have a unique aria-label, aria-labelledby, or title to make landmarks distinguishable', any='[CheckedNode{id='landmark-is-unique', impact='moderate', message='The landmark must have a unique aria-label, aria-labelledby, or title to make landmarks distinguishable', data='{accessibleText=null, role=navigation}', relatedNodes='[Node{target='[#mainNav]', html='<nav class="main__nav" id="mainNav">'}, Node{target='[.footer__nav]', html='<nav class="bg--white footer__nav content--2">'}]'}]', all='[]', none='[]'}]
Help URL: https://dequeuniversity.com/rules/axe/4.5/landmark-unique?application=axeAPI
Violation:
Description: Ensure links are distinguished from surrounding text in a way that does not rely on color
Help: Links must be distinguishable without relying on color
Impact: serious
Nodes: [CheckedNode{target='[p:nth-child(2) > a]', html='<a href="https://www.petpartners.com/sample-policies">www.petpartners.com/sample-policies</a>', impact='serious', failureSummary='Fix any of the following:
  The link has insufficient color contrast of 1.06:1 with the surrounding text. (Minimum contrast is 3:1, link text: #0000ee, surrounding text: #424242)
  The link has no styling (such as underline) to distinguish it from the surrounding text', any='[CheckedNode{id='link-in-text-block', impact='serious', message='The link has insufficient color contrast of 1.06:1 with the surrounding text. (Minimum contrast is 3:1, link text: #0000ee, surrounding text: #424242)', data='{contrastRatio=1.06, messageKey=fgContrast, nodeColor=#0000ee, parentColor=#424242, requiredContrastRatio=3}', relatedNodes='[Node{target='[.fs--75 > div:nth-child(1) > p:nth-child(2)]', html='<p>'}]'}, CheckedNode{id='link-in-text-block-style', impact='serious', message='The link has no styling (such as underline) to distinguish it from the surrounding text', data='null', relatedNodes='[Node{target='[.fs--75 > div:nth-child(1) > p:nth-child(2)]', html='<p>'}]'}]', all='[]', none='[]'}]
Help URL: https://dequeuniversity.com/rules/axe/4.5/link-in-text-block?application=axeAPI
Violation:
Description: Ensures links have discernible text
Help: Links must have discernible text
Impact: serious
Nodes: [CheckedNode{target='[a[href="/"]]', html='<a href="/">', impact='serious', failureSummary='Fix all of the following:
  Element is in tab order and does not have accessible text

Fix any of the following:
  Element does not have text that is visible to screen readers
  aria-label attribute does not exist or is empty
  aria-labelledby attribute does not exist, references elements that do not exist or references elements that are empty
  Element has no title attribute', any='[CheckedNode{id='has-visible-text', impact='minor', message='Element does not have text that is visible to screen readers', data='null', relatedNodes='[]'}, CheckedNode{id='aria-label', impact='serious', message='aria-label attribute does not exist or is empty', data='null', relatedNodes='[]'}, CheckedNode{id='aria-labelledby', impact='serious', message='aria-labelledby attribute does not exist, references elements that do not exist or references elements that are empty', data='null', relatedNodes='[]'}, CheckedNode{id='non-empty-title', impact='serious', message='Element has no title attribute', data='{messageKey=noAttr}', relatedNodes='[]'}]', all='[]', none='[CheckedNode{id='focusable-no-name', impact='serious', message='Element is in tab order and does not have accessible text', data='null', relatedNodes='[]'}]'}]
Help URL: https://dequeuniversity.com/rules/axe/4.5/link-name?application=axeAPI
9
]]></system-out>
  <system-err><![CDATA[SLF4J: Failed to load class "org.slf4j.impl.StaticLoggerBinder".
SLF4J: Defaulting to no-operation (NOP) logger implementation
SLF4J: See http://www.slf4j.org/codes.html#StaticLoggerBinder for further details.
Starting ChromeDriver 111.0.5563.64 (c710e93d5b63b7095afe8c2c17df34408078439d-refs/branch-heads/5563@{#995}) on port 16742
Only local connections are allowed.
Please see https://chromedriver.chromium.org/security-considerations for suggestions on keeping ChromeDriver safe.
ChromeDriver was started successfully.
Mar 20, 2023 4:44:16 PM org.openqa.selenium.devtools.CdpVersionFinder findNearestMatch
WARNING: Unable to find an exact match for CDP version 111, so returning the closest version found: 110
]]></system-err>
</testsuite>
